<?xml version="1.0" encoding="utf-8"?><testsuites name="pytest tests"><testsuite name="pytest" errors="0" failures="0" skipped="0" tests="26" time="4.196" timestamp="2026-08-27T19:59:26.675816+00:00" hostname="agent-env-3b5f04bc-a602-4066-9d71-a288e1ae9a0d"><testcase classname="tests.backend_test" name="test_root" time="0.479" /><testcase classname="tests.backend_test" name="test_config" time="0.156" /><testcase classname="tests.backend_test" name="test_home" time="0.110" /><testcase classname="tests.backend_test" name="test_user" time="0.146" /><testcase classname="tests.backend_test" name="test_games_groups" time="0.094" /><testcase classname="tests.backend_test" name="test_game_detail" time="0.171" /><testcase classname="tests.backend_test" name="test_game_detail_404" time="0.096" /><testcase classname="tests.backend_test" name="test_draws_gid1_page1" time="0.085" /><testcase classname="tests.backend_test" name="test_draws_gid1_page2" time="0.094" /><testcase classname="tests.backend_test" name="test_draws_empty_for_non_gid1" time="0.112" /><testcase classname="tests.backend_test" name="test_draws_all_lotteries_seeded_v2[1]" time="0.102" /><testcase classname="tests.backend_test" name="test_draws_all_lotteries_seeded_v2[8]" time="0.139" /><testcase classname="tests.backend_test" name="test_draws_all_lotteries_seeded_v2[15]" time="0.147" /><testcase classname="tests.backend_test" name="test_activities_list" time="0.147" /><testcase classname="tests.backend_test" name="test_activity_detail" time="0.094" /><testcase classname="tests.backend_test" name="test_activity_404" time="0.099" /><testcase classname="tests.backend_test" name="test_news_list" time="0.120" /><testcase classname="tests.backend_test" name="test_rankings[day]" time="0.137" /><testcase classname="tests.backend_test" name="test_rankings[week]" time="0.157" /><testcase classname="tests.backend_test" name="test_rankings[month]" time="0.125" /><testcase classname="tests.backend_test" name="test_shop" time="0.135" /><testcase classname="tests.backend_test" name="test_partners" time="0.124" /><testcase classname="tests.backend_test" name="test_profit_endpoint[7]" time="0.079" /><testcase classname="tests.backend_test" name="test_profit_endpoint[30]" time="0.138" /><testcase classname="tests.backend_test" name="test_profit_deterministic" time="0.177" /><testcase classname="tests.backend_test" name="test_profit_days_differ" time="0.356" /></testsuite></testsuites>